

Version:	3.50
CmdLine:	D:\SideProject\Tic_Tac_Toe\Tic_Tac_Toe.exe --l4j-debug
JNI:		No
WOW64:		Yes
Working dir:	D:\SideProject\Tic_Tac_Toe\.
Requires JDK:	No
Requires 64-Bit: No
Java min ver:	1.005.000
Java max ver:	
JRE paths:	C:\Program Files\Common Files\Oracle\Java\javapath\java.exe
Check launcher:	C:\Program Files\Common Files\Oracle\Java\javapath\java.exe\bin\javaw.exe (not found)
64-bit search:	SOFTWARE\JavaSoft\Java Runtime Environment...
32-bit search:	SOFTWARE\JavaSoft\Java Runtime Environment...
Check:		SOFTWARE\JavaSoft\Java Runtime Environment\1.8
Version string: 1.008.000 / 32-Bit (OK)
Check launcher:	C:\Program Files (x86)\Java\jre1.8.0_421\bin\javaw.exe (OK)
Match:		1.008.000
Runtime used:	1.008.000 (32-bit)
Main class:	org.eclipse.jdt.internal.jarinjarloader.JarRsrcLoader
Add classpath:	.
Launcher:	C:\Program Files (x86)\Java\jre1.8.0_421\bin\javaw.exe
Launcher args:	-classpath "D:\SideProject\Tic_Tac_Toe\Tic_Tac_Toe.exe;." org.eclipse.jdt.internal.jarinjarloader.JarRsrcLoader
Args length:	111/32768 chars
Exit code:	0


Version:	3.50
CmdLine:	D:\SideProject\Tic_Tac_Toe\Tic_Tac_Toe.exe --l4j-debug
JNI:		No
WOW64:		Yes
Working dir:	D:\SideProject\Tic_Tac_Toe\.
Requires JDK:	No
Requires 64-Bit: No
Java min ver:	1.005.000
Java max ver:	
JRE paths:	C:\Program Files\Common Files\Oracle\Java\javapath\java.exe
Check launcher:	C:\Program Files\Common Files\Oracle\Java\javapath\java.exe\bin\javaw.exe (not found)
64-bit search:	SOFTWARE\JavaSoft\Java Runtime Environment...
32-bit search:	SOFTWARE\JavaSoft\Java Runtime Environment...
Check:		SOFTWARE\JavaSoft\Java Runtime Environment\1.8
Version string: 1.008.000 / 32-Bit (OK)
Check launcher:	C:\Program Files (x86)\Java\jre1.8.0_421\bin\javaw.exe (OK)
Match:		1.008.000
Runtime used:	1.008.000 (32-bit)
Main class:	org.eclipse.jdt.internal.jarinjarloader.JarRsrcLoader
Add classpath:	.
Launcher:	C:\Program Files (x86)\Java\jre1.8.0_421\bin\javaw.exe
Launcher args:	-classpath "D:\SideProject\Tic_Tac_Toe\Tic_Tac_Toe.exe;." org.eclipse.jdt.internal.jarinjarloader.JarRsrcLoader
Args length:	111/32768 chars
Exit code:	0


Version:	3.50
CmdLine:	D:\SideProject\Tic_Tac_Toe\Tic_Tac_Toe.exe --l4j-debug
JNI:		No
WOW64:		Yes
Working dir:	D:\SideProject\Tic_Tac_Toe\.
Requires JDK:	No
Requires 64-Bit: No
Java min ver:	1.005.000
Java max ver:	
JRE paths:	C:\Program Files\Common Files\Oracle\Java\javapath\java.exe
Check launcher:	C:\Program Files\Common Files\Oracle\Java\javapath\java.exe\bin\javaw.exe (not found)
64-bit search:	SOFTWARE\JavaSoft\Java Runtime Environment...
32-bit search:	SOFTWARE\JavaSoft\Java Runtime Environment...
Check:		SOFTWARE\JavaSoft\Java Runtime Environment\1.8
Version string: 1.008.000 / 32-Bit (OK)
Check launcher:	C:\Program Files (x86)\Java\jre1.8.0_421\bin\javaw.exe (OK)
Match:		1.008.000
Runtime used:	1.008.000 (32-bit)
Main class:	org.eclipse.jdt.internal.jarinjarloader.JarRsrcLoader
Add classpath:	.
Launcher:	C:\Program Files (x86)\Java\jre1.8.0_421\bin\javaw.exe
Launcher args:	-classpath "D:\SideProject\Tic_Tac_Toe\Tic_Tac_Toe.exe;." org.eclipse.jdt.internal.jarinjarloader.JarRsrcLoader
Args length:	111/32768 chars
Exit code:	0


Version:	3.50
CmdLine:	D:\SideProject\Tic_Tac_Toe\Tic_Tac_Toe.exe --l4j-debug
JNI:		No
WOW64:		Yes
Working dir:	D:\SideProject\Tic_Tac_Toe\.
Requires JDK:	No
Requires 64-Bit: No
Java min ver:	1.005.000
Java max ver:	
JRE paths:	C:\Program Files\Common Files\Oracle\Java\javapath\java.exe
Check launcher:	C:\Program Files\Common Files\Oracle\Java\javapath\java.exe\bin\javaw.exe (not found)
64-bit search:	SOFTWARE\JavaSoft\Java Runtime Environment...
32-bit search:	SOFTWARE\JavaSoft\Java Runtime Environment...
Check:		SOFTWARE\JavaSoft\Java Runtime Environment\1.8
Version string: 1.008.000 / 32-Bit (OK)
Check launcher:	C:\Program Files (x86)\Java\jre1.8.0_421\bin\javaw.exe (OK)
Match:		1.008.000
Runtime used:	1.008.000 (32-bit)
Main class:	org.eclipse.jdt.internal.jarinjarloader.JarRsrcLoader
Add classpath:	.
Launcher:	C:\Program Files (x86)\Java\jre1.8.0_421\bin\javaw.exe
Launcher args:	-classpath "D:\SideProject\Tic_Tac_Toe\Tic_Tac_Toe.exe;." org.eclipse.jdt.internal.jarinjarloader.JarRsrcLoader
Args length:	111/32768 chars
Exit code:	0


Version:	3.50
CmdLine:	D:\SideProject\Tic_Tac_Toe\Tic_Tac_Toe.exe --l4j-debug
JNI:		No
WOW64:		Yes
Working dir:	D:\SideProject\Tic_Tac_Toe\.
Requires JDK:	No
Requires 64-Bit: No
Java min ver:	1.005.000
Java max ver:	
JRE paths:	C:\Program Files\Common Files\Oracle\Java\javapath\java.exe
Check launcher:	C:\Program Files\Common Files\Oracle\Java\javapath\java.exe\bin\javaw.exe (not found)
64-bit search:	SOFTWARE\JavaSoft\Java Runtime Environment...
32-bit search:	SOFTWARE\JavaSoft\Java Runtime Environment...
Check:		SOFTWARE\JavaSoft\Java Runtime Environment\1.8
Version string: 1.008.000 / 32-Bit (OK)
Check launcher:	C:\Program Files (x86)\Java\jre1.8.0_421\bin\javaw.exe (OK)
Match:		1.008.000
Runtime used:	1.008.000 (32-bit)
Main class:	org.eclipse.jdt.internal.jarinjarloader.JarRsrcLoader
Add classpath:	.
Launcher:	C:\Program Files (x86)\Java\jre1.8.0_421\bin\javaw.exe
Launcher args:	-classpath "D:\SideProject\Tic_Tac_Toe\Tic_Tac_Toe.exe;." org.eclipse.jdt.internal.jarinjarloader.JarRsrcLoader
Args length:	111/32768 chars
Exit code:	0


Version:	3.50
CmdLine:	D:\SideProject\Tic_Tac_Toe\Tic_Tac_Toe.exe --l4j-debug
JNI:		No
WOW64:		Yes
Working dir:	D:\SideProject\Tic_Tac_Toe\.
Requires JDK:	No
Requires 64-Bit: No
Java min ver:	1.005.000
Java max ver:	
JRE paths:	C:\Program Files\Common Files\Oracle\Java\javapath\java.exe
Check launcher:	C:\Program Files\Common Files\Oracle\Java\javapath\java.exe\bin\javaw.exe (not found)
64-bit search:	SOFTWARE\JavaSoft\Java Runtime Environment...
Check:		SOFTWARE\JavaSoft\Java Runtime Environment\1.8
Version string: 1.008.000 / 64-Bit (OK)
Check launcher:	C:\Program Files\Java\jre1.8.0_421\bin\javaw.exe (OK)
Match:		1.008.000
Runtime used:	1.008.000 (64-bit)
Main class:	org.eclipse.jdt.internal.jarinjarloader.JarRsrcLoader
Add classpath:	.
Launcher:	C:\Program Files\Java\jre1.8.0_421\bin\javaw.exe
Launcher args:	-classpath "D:\SideProject\Tic_Tac_Toe\Tic_Tac_Toe.exe;." org.eclipse.jdt.internal.jarinjarloader.JarRsrcLoader
Args length:	111/32768 chars
Exit code:	0


Version:	3.50
CmdLine:	D:\SideProject\Tic_Tac_Toe\Tic_Tac_Toe.exe --l4j-debug
JNI:		No
WOW64:		Yes
Working dir:	D:\SideProject\Tic_Tac_Toe\.
Requires JDK:	No
Requires 64-Bit: No
Java min ver:	1.005.000
Java max ver:	
JRE paths:	C:\Program Files\Common Files\Oracle\Java\javapath\java.exe
Check launcher:	C:\Program Files\Common Files\Oracle\Java\javapath\java.exe\bin\javaw.exe (not found)
64-bit search:	SOFTWARE\JavaSoft\Java Runtime Environment...
Check:		SOFTWARE\JavaSoft\Java Runtime Environment\1.8
Version string: 1.008.000 / 64-Bit (OK)
Check launcher:	C:\Program Files\Java\jre1.8.0_421\bin\javaw.exe (OK)
Match:		1.008.000
Runtime used:	1.008.000 (64-bit)
Main class:	org.eclipse.jdt.internal.jarinjarloader.JarRsrcLoader
Add classpath:	.
Launcher:	C:\Program Files\Java\jre1.8.0_421\bin\javaw.exe
Launcher args:	-classpath "D:\SideProject\Tic_Tac_Toe\Tic_Tac_Toe.exe;." org.eclipse.jdt.internal.jarinjarloader.JarRsrcLoader
Args length:	111/32768 chars
Exit code:	0


Version:	3.50
CmdLine:	D:\SideProject\Tic_Tac_Toe\Tic_Tac_Toe.exe --l4j-debug
JNI:		No
WOW64:		Yes
Working dir:	D:\SideProject\Tic_Tac_Toe\.
Requires JDK:	No
Requires 64-Bit: No
Java min ver:	1.005.000
Java max ver:	
JRE paths:	C:\Program Files\Common Files\Oracle\Java\javapath\java.exe
Check launcher:	C:\Program Files\Common Files\Oracle\Java\javapath\java.exe\bin\javaw.exe (not found)
64-bit search:	SOFTWARE\JavaSoft\Java Runtime Environment...
Check:		SOFTWARE\JavaSoft\Java Runtime Environment\1.8
Version string: 1.008.000 / 64-Bit (OK)
Check launcher:	C:\Program Files\Java\jre1.8.0_421\bin\javaw.exe (OK)
Match:		1.008.000
Runtime used:	1.008.000 (64-bit)
Main class:	org.eclipse.jdt.internal.jarinjarloader.JarRsrcLoader
Add classpath:	.
Launcher:	C:\Program Files\Java\jre1.8.0_421\bin\javaw.exe
Launcher args:	-classpath "D:\SideProject\Tic_Tac_Toe\Tic_Tac_Toe.exe;." org.eclipse.jdt.internal.jarinjarloader.JarRsrcLoader
Args length:	111/32768 chars
Exit code:	0


Version:	3.50
CmdLine:	D:\SideProject\Tic_Tac_Toe\Tic_Tac_Toe.exe --l4j-debug
JNI:		No
WOW64:		Yes
Working dir:	D:\SideProject\Tic_Tac_Toe\.
Requires JDK:	No
Requires 64-Bit: No
Java min ver:	1.005.000
Java max ver:	
JRE paths:	C:\Program Files\Common Files\Oracle\Java\javapath\java.exe
Check launcher:	C:\Program Files\Common Files\Oracle\Java\javapath\java.exe\bin\javaw.exe (not found)
64-bit search:	SOFTWARE\JavaSoft\Java Runtime Environment...
Check:		SOFTWARE\JavaSoft\Java Runtime Environment\1.8
Version string: 1.008.000 / 64-Bit (OK)
Check launcher:	C:\Program Files\Java\jre1.8.0_421\bin\javaw.exe (OK)
Match:		1.008.000
Runtime used:	1.008.000 (64-bit)
Main class:	org.eclipse.jdt.internal.jarinjarloader.JarRsrcLoader
Add classpath:	.
Launcher:	C:\Program Files\Java\jre1.8.0_421\bin\javaw.exe
Launcher args:	-classpath "D:\SideProject\Tic_Tac_Toe\Tic_Tac_Toe.exe;." org.eclipse.jdt.internal.jarinjarloader.JarRsrcLoader
Args length:	111/32768 chars
Exit code:	0


Version:	3.50
CmdLine:	D:\SideProject\Tic_Tac_Toe\Tic_Tac_Toe.exe --l4j-debug
JNI:		No
WOW64:		Yes
Working dir:	D:\SideProject\Tic_Tac_Toe\.
Requires JDK:	Yes
Requires 64-Bit: No
Java min ver:	1.008.000
Java max ver:	
JRE paths:	C:\Program Files\Common Files\Oracle\Java\javapath\java.exe
Check launcher:	C:\Program Files\Common Files\Oracle\Java\javapath\java.exe\bin\javaw.exe (not found)
64-bit search:	SOFTWARE\JavaSoft\Java Development Kit...
32-bit search:	SOFTWARE\JavaSoft\Java Development Kit...
64-bit search:	SOFTWARE\JavaSoft\JDK...
32-bit search:	SOFTWARE\JavaSoft\JDK...
64-bit search:	SOFTWARE\IBM\Java Development Kit...
32-bit search:	SOFTWARE\IBM\Java Development Kit...
64-bit search:	SOFTWARE\IBM\Java Development Kit...
32-bit search:	SOFTWARE\IBM\Java Development Kit...
Error msg:	This application requires a Java Runtime Environment 1.8.0
Open URL:	https://www.java.com/


Version:	3.50
CmdLine:	D:\SideProject\Tic_Tac_Toe\Tic_Tac_Toe.exe --l4j-debug
JNI:		No
WOW64:		Yes
Working dir:	D:\SideProject\Tic_Tac_Toe\.
Requires JDK:	No
Requires 64-Bit: No
Java min ver:	1.008.000
Java max ver:	
JRE paths:	C:\Program Files\Common Files\Oracle\Java\javapath\java.exe
Check launcher:	C:\Program Files\Common Files\Oracle\Java\javapath\java.exe\bin\javaw.exe (not found)
64-bit search:	SOFTWARE\JavaSoft\Java Runtime Environment...
Check:		SOFTWARE\JavaSoft\Java Runtime Environment\1.8
Version string: 1.008.000 / 64-Bit (OK)
Check launcher:	C:\Program Files\Java\jre1.8.0_421\bin\javaw.exe (OK)
Match:		1.008.000
Runtime used:	1.008.000 (64-bit)
Main class:	org.eclipse.jdt.internal.jarinjarloader.JarRsrcLoader
Add classpath:	.
Launcher:	C:\Program Files\Java\jre1.8.0_421\bin\javaw.exe
Launcher args:	-classpath "D:\SideProject\Tic_Tac_Toe\Tic_Tac_Toe.exe;." org.eclipse.jdt.internal.jarinjarloader.JarRsrcLoader
Args length:	111/32768 chars
Exit code:	0


Version:	3.50
CmdLine:	D:\SideProject\Tic_Tac_Toe\Tic_Tac_Toe.exe --l4j-debug
JNI:		No
WOW64:		Yes
Working dir:	D:\SideProject\Tic_Tac_Toe\.
Requires JDK:	No
Requires 64-Bit: No
Java min ver:	1.008.000
Java max ver:	
JRE paths:	C:\Program Files\Common Files\Oracle\Java\javapath\java.exe
Check launcher:	C:\Program Files\Common Files\Oracle\Java\javapath\java.exe\bin\javaw.exe (not found)
64-bit search:	SOFTWARE\JavaSoft\Java Runtime Environment...
Check:		SOFTWARE\JavaSoft\Java Runtime Environment\1.8
Version string: 1.008.000 / 64-Bit (OK)
Check launcher:	C:\Program Files\Java\jre1.8.0_421\bin\javaw.exe (OK)
Match:		1.008.000
Runtime used:	1.008.000 (64-bit)
Main class:	org.eclipse.jdt.internal.jarinjarloader.JarRsrcLoader
Add classpath:	.
Launcher:	C:\Program Files\Java\jre1.8.0_421\bin\javaw.exe
Launcher args:	-classpath "D:\SideProject\Tic_Tac_Toe\Tic_Tac_Toe.exe;." org.eclipse.jdt.internal.jarinjarloader.JarRsrcLoader
Args length:	111/32768 chars
Exit code:	0


Version:	3.50
CmdLine:	D:\SideProject\Tic_Tac_Toe\Tic_Tac_Toe.exe --l4j-debug
JNI:		No
WOW64:		Yes
Working dir:	D:\SideProject\Tic_Tac_Toe\.
Requires JDK:	Yes
Requires 64-Bit: No
Java min ver:	1.008.000
Java max ver:	
JRE paths:	C:\Program Files\Common Files\Oracle\Java\javapath\java.exe
Check launcher:	C:\Program Files\Common Files\Oracle\Java\javapath\java.exe\bin\javaw.exe (not found)
64-bit search:	SOFTWARE\JavaSoft\Java Development Kit...
32-bit search:	SOFTWARE\JavaSoft\Java Development Kit...
64-bit search:	SOFTWARE\JavaSoft\JDK...
32-bit search:	SOFTWARE\JavaSoft\JDK...
64-bit search:	SOFTWARE\IBM\Java Development Kit...
32-bit search:	SOFTWARE\IBM\Java Development Kit...
64-bit search:	SOFTWARE\IBM\Java Development Kit...
32-bit search:	SOFTWARE\IBM\Java Development Kit...
Error msg:	This application requires a Java Runtime Environment 1.8.0
Open URL:	https://www.java.com/


Version:	3.50
CmdLine:	D:\SideProject\Tic_Tac_Toe\Tic_Tac_Toe.exe --l4j-debug
JNI:		No
WOW64:		Yes
Working dir:	D:\SideProject\Tic_Tac_Toe\.
Requires JDK:	No
Requires 64-Bit: No
Java min ver:	1.005.000
Java max ver:	
JRE paths:	C:\Program Files\Common Files\Oracle\Java\javapath\java.exe
Check launcher:	C:\Program Files\Common Files\Oracle\Java\javapath\java.exe\bin\javaw.exe (not found)
64-bit search:	SOFTWARE\JavaSoft\Java Runtime Environment...
Check:		SOFTWARE\JavaSoft\Java Runtime Environment\1.8
Version string: 1.008.000 / 64-Bit (OK)
Check launcher:	C:\Program Files\Java\jre1.8.0_421\bin\javaw.exe (OK)
Match:		1.008.000
Runtime used:	1.008.000 (64-bit)
Main class:	org.eclipse.jdt.internal.jarinjarloader.JarRsrcLoader
Add classpath:	.
Launcher:	C:\Program Files\Java\jre1.8.0_421\bin\javaw.exe
Launcher args:	-classpath "D:\SideProject\Tic_Tac_Toe\Tic_Tac_Toe.exe;." org.eclipse.jdt.internal.jarinjarloader.JarRsrcLoader
Args length:	111/32768 chars
Exit code:	0


Version:	3.50
CmdLine:	D:\SideProject\Tic_Tac_Toe\Tic_Tac_Toe.exe --l4j-debug
JNI:		No
WOW64:		Yes
Working dir:	D:\SideProject\Tic_Tac_Toe\.
Requires JDK:	Yes
Requires 64-Bit: No
Java min ver:	1.022.000_002
Java max ver:	
JRE paths:	C:\Program Files\Java\jdk-22
Check launcher:	C:\Program Files\Java\jdk-22\bin\javaw.exe (OK)
Check javac:	C:\Program Files\Java\jdk-22\bin\javac.exe (OK)
Version string: 1.022.000_002 / 64-Bit (OK)
Main class:	org.eclipse.jdt.internal.jarinjarloader.JarRsrcLoader
Add classpath:	.
Launcher:	C:\Program Files\Java\jdk-22\bin\javaw.exe
Launcher args:	-classpath "D:\SideProject\Tic_Tac_Toe\Tic_Tac_Toe.exe;." org.eclipse.jdt.internal.jarinjarloader.JarRsrcLoader
Args length:	111/32768 chars
Exit code:	0
